{"/Volumes/DATA/Projects/npm/vue-filter/src/array/index.js":{"path":"/Volumes/DATA/Projects/npm/vue-filter/src/array/index.js","s":{"1":1,"2":1,"3":8,"4":8,"5":8,"6":1},"b":{"1":[4,4],"2":[7,1]},"f":{},"fnMap":{},"statementMap":{"1":{"start":{"line":1,"column":0},"end":{"line":1,"column":40}},"2":{"start":{"line":9,"column":0},"end":{"line":15,"column":1}},"3":{"start":{"line":10,"column":2},"end":{"line":10,"column":45}},"4":{"start":{"line":11,"column":2},"end":{"line":11,"column":24}},"5":{"start":{"line":12,"column":2},"end":{"line":14,"column":9}},"6":{"start":{"line":17,"column":0},"end":{"line":19,"column":1}}},"branchMap":{"1":{"line":10,"type":"cond-expr","locations":[{"start":{"line":10,"column":20},"end":{"line":10,"column":40}},{"start":{"line":10,"column":43},"end":{"line":10,"column":44}}]},"2":{"line":12,"type":"cond-expr","locations":[{"start":{"line":13,"column":6},"end":{"line":13,"column":35}},{"start":{"line":14,"column":6},"end":{"line":14,"column":9}}]}}},"/Volumes/DATA/Projects/npm/vue-filter/src/utils/index.js":{"path":"/Volumes/DATA/Projects/npm/vue-filter/src/utils/index.js","s":{"1":1,"2":8,"3":8,"4":0,"5":0,"6":1},"b":{"1":[8,0],"2":[0,0]},"f":{},"fnMap":{},"statementMap":{"1":{"start":{"line":1,"column":0},"end":{"line":10,"column":1}},"2":{"start":{"line":2,"column":2},"end":{"line":9,"column":3}},"3":{"start":{"line":3,"column":4},"end":{"line":3,"column":15}},"4":{"start":{"line":5,"column":4},"end":{"line":5,"column":31}},"5":{"start":{"line":6,"column":4},"end":{"line":8,"column":14}},"6":{"start":{"line":12,"column":0},"end":{"line":14,"column":1}}},"branchMap":{"1":{"line":2,"type":"if","locations":[{"start":{"line":2,"column":2},"end":{"line":2,"column":2}},{"start":{"line":2,"column":2},"end":{"line":2,"column":2}}]},"2":{"line":6,"type":"cond-expr","locations":[{"start":{"line":7,"column":8},"end":{"line":7,"column":11}},{"start":{"line":8,"column":8},"end":{"line":8,"column":14}}]}}},"/Volumes/DATA/Projects/npm/vue-filter/src/string/index.js":{"path":"/Volumes/DATA/Projects/npm/vue-filter/src/string/index.js","s":{"1":1,"2":1,"3":0,"4":1,"5":1,"6":1},"b":{"1":[0,1],"2":[1,0]},"f":{},"fnMap":{},"statementMap":{"1":{"start":{"line":1,"column":0},"end":{"line":5,"column":1}},"2":{"start":{"line":2,"column":2},"end":{"line":2,"column":39}},"3":{"start":{"line":2,"column":29},"end":{"line":2,"column":39}},"4":{"start":{"line":3,"column":2},"end":{"line":3,"column":27}},"5":{"start":{"line":4,"column":2},"end":{"line":4,"column":56}},"6":{"start":{"line":7,"column":0},"end":{"line":9,"column":1}}},"branchMap":{"1":{"line":2,"type":"if","locations":[{"start":{"line":2,"column":2},"end":{"line":2,"column":2}},{"start":{"line":2,"column":2},"end":{"line":2,"column":2}}]},"2":{"line":2,"type":"binary-expr","locations":[{"start":{"line":2,"column":6},"end":{"line":2,"column":12}},{"start":{"line":2,"column":16},"end":{"line":2,"column":27}}]}}}}