TN:
SF:/Volumes/DATA/Projects/npm/vue-filter/src/array/index.js
FNF:0
FNH:0
DA:1,1
DA:9,1
DA:10,8
DA:11,8
DA:12,8
DA:17,1
LF:6
LH:6
BRDA:10,1,0,4
BRDA:10,1,1,4
BRDA:12,2,0,7
BRDA:12,2,1,1
BRF:4
BRH:4
end_of_record
TN:
SF:/Volumes/DATA/Projects/npm/vue-filter/src/utils/index.js
FNF:0
FNH:0
DA:1,1
DA:2,8
DA:3,8
DA:5,0
DA:6,0
DA:12,1
LF:6
LH:4
BRDA:2,1,0,8
BRDA:2,1,1,0
BRDA:6,2,0,0
BRDA:6,2,1,0
BRF:4
BRH:1
end_of_record
TN:
SF:/Volumes/DATA/Projects/npm/vue-filter/src/string/index.js
FNF:0
FNH:0
DA:1,1
DA:2,1
DA:3,1
DA:4,1
DA:7,1
LF:5
LH:5
BRDA:2,1,0,0
BRDA:2,1,1,1
BRDA:2,2,0,1
BRDA:2,2,1,0
BRF:4
BRH:2
end_of_record
